2021-07-01 0:22	No se encontro el usuario .
2021-07-01 0:22	No se encontro el usuario ksdjdsk;fj.
2021-07-01 0:22	No se encontro el usuario ksdjdsk;fj.
2021-07-01 0:24	alexizzarevalo: Inicio de sesion exitoso.
2021-07-01 0:24	alexizzarevalo: Inicio de sesion exitoso.
2021-07-01 0:24	alexizzarevalo: Inicio de sesion exitoso.
2021-07-01 0:24	alexizzarevalo: Inicio de sesion exitoso.
2021-07-01 0:25	No se encontro el usuario alexizzarevalo.
2021-07-01 0:25	alexizzarevalo: Inicio de sesion exitoso.
2021-07-01 0:25	alexizzarevalo: Inicio de sesion exitoso.
2021-07-01 0:25	alexizzarevalo: Inicio de sesion exitoso.
2021-07-01 0:25	No se encontro el usuario alexizzarevalo.
2021-07-01 0:27	alexizzarevalo: Inicio de sesion exitoso.
2021-07-01 0:28	No se encontro el usuario alexizzarevalo.
2021-07-01 0:28	alexizzarevalo: Inicio de sesion exitoso.
2021-07-01 0:28	No se encontro el usuario alexizzarevalo.
2021-07-01 0:29	No se encontro el usuario alexizzarevalo.
2021-07-01 0:30	alexizzarevalo: Inicio de sesion exitoso.
2021-07-01 0:32	No se encontro el usuario alexizzarevalo.
2021-07-01 0:35	No se encontro el usuario alexizzarevalo.
2021-07-01 0:36	No se encontro el usuario alexizzarevalo.
2021-07-01 0:37	No se encontro el usuario alexizzarevalo.
2021-07-01 0:39	No se encontro el usuario alexizzarevalo.
2021-07-01 0:39	No se encontro el usuario alexizzarevalo.
2021-07-01 0:39	No se encontro el usuario alexizzarevalo.
2021-07-01 0:41	No se encontro el usuario alexizzarevalo.
2021-07-01 0:42	alexizzarevalo: Inicio de sesion fallido.
2021-07-01 0:43	alexizzarevalo: Inicio de sesion fallido.
2021-07-01 0:43	alexizzarevalo: Inicio de sesion fallido.
2021-07-01 0:43	alexizzarevalo: Inicio de sesion fallido.
2021-07-01 0:43	alexizzarevalo: Inicio de sesion fallido.
2021-07-01 0:43	No se encontro el usuario alo.
2021-07-01 0:58	alexizzarevalo: Inicio de sesion exitoso.
2021-07-01 13:41	alexizzarevalo: Inicio de sesion exitoso.
2021-07-01 14:3	alexizzarevalo: Inicio de sesion exitoso.
2021-07-01 16:36	julyMelgar: Inicio de sesion exitoso.
2021-07-01 16:41	bryanr3x: Inicio de sesion exitoso.
2021-07-01 16:42	bryanr3x: Inicio de sesion fallido.
2021-07-01 16:42	bryanr3x: Inicio de sesion exitoso.
2021-07-01 16:45	No se encontro el usuario ksjd;flkjsa.
2021-07-01 18:33	alexizzarevalo: Inicio de sesion exitoso.
2021-07-01 18:34	alexizzarevalo: Inicio de sesion exitoso.
2021-07-01 18:35	alexizzarevalo: Inicio de sesion exitoso.
2021-07-01 19:16	alexizzarevalo: Inicio de sesion exitoso.
2021-07-01 19:27	alexizzarevalo: Inicio de sesion exitoso.
2021-07-01 20:11	alexizzarevalo: Inicio de sesion exitoso.
2021-07-01 20:13	alexizzarevalo: Inicio de sesion exitoso.
2021-07-01 20:17	alexizzarevalo: Inicio de sesion exitoso.
2021-07-01 20:32	alexizzarevalo: Inicio de sesion exitoso.
2021-07-01 20:37	alexizzarevalo: Inicio de sesion fallido.
2021-07-01 20:37	alexizzarevalo: Inicio de sesion exitoso.
2021-07-01 22:4	alexizzarevalo: Inicio de sesion exitoso.
2021-07-01 22:39	alexizzarevalo: Inicio de sesion exitoso.
2021-07-01 23:24	alexizzarevalo: Inicio de sesion exitoso.
2021-07-01 23:30	alexizzarevalo: Inicio de sesion exitoso.
2021-07-02 0:25	alexizzarevalo: Inicio de sesion exitoso.
2021-07-02 0:34	bryanr3x: Inicio de sesion exitoso.
2021-07-02 0:42	alexizzarevalo: Inicio de sesion exitoso.
2021-07-02 1:16	bryanr3x: Inicio de sesion exitoso.
2021-07-02 1:18	alexizzarevalo: Inicio de sesion exitoso.
2021-07-02 8:31	bryanr3x: Inicio de sesion exitoso.
2021-07-02 8:35	bryanr3x: Inicio de sesion exitoso.
2021-07-02 8:37	bryanr3x: Inicio de sesion fallido.
2021-07-02 8:38	bryanr3x: Inicio de sesion exitoso.
2021-07-02 8:40	bryanr3x: Inicio de sesion exitoso.
2021-07-02 10:48	kevin: Inicio de sesion exitoso.
2021-07-02 11:58	kevin: Inicio de sesion exitoso.
2021-07-02 11:59	kevin: Inicio de sesion exitoso.
2021-07-02 12:1	kevin: Inicio de sesion exitoso.
2021-07-02 12:2	kevin: Inicio de sesion exitoso.
2021-07-02 12:7	kevin: Inicio de sesion exitoso.
2021-07-02 12:8	kevin: Inicio de sesion exitoso.
2021-07-02 12:8	kevin: Inicio de sesion exitoso.
2021-07-02 12:9	kevin: Inicio de sesion exitoso.
2021-07-02 12:12	kevin: Inicio de sesion exitoso.
2021-07-02 12:13	kevin: Inicio de sesion exitoso.
2021-07-02 12:15	kevin: Inicio de sesion exitoso.
2021-07-02 12:16	kevin: Inicio de sesion fallido.
2021-07-02 12:16	kevin: Inicio de sesion exitoso.
2021-07-02 12:17	kevin: Inicio de sesion exitoso.
2021-07-02 12:19	kevin: Inicio de sesion exitoso.
2021-07-02 12:21	kevin: Inicio de sesion exitoso.
2021-07-02 12:22	kevin: Inicio de sesion exitoso.
2021-07-02 12:23	kevin: Inicio de sesion exitoso.
2021-07-02 12:25	kevin: Inicio de sesion exitoso.
2021-07-02 12:26	kevin: Inicio de sesion exitoso.
2021-07-02 12:27	kevin: Inicio de sesion exitoso.
2021-07-02 12:28	kevin: Inicio de sesion exitoso.
2021-07-02 12:31	kevin: Inicio de sesion exitoso.
2021-07-02 12:36	kevin: Inicio de sesion exitoso.
2021-07-02 12:37	kevin: Inicio de sesion exitoso.
2021-07-02 12:39	kevin: Inicio de sesion exitoso.
2021-07-02 12:43	kevin: Inicio de sesion exitoso.
2021-07-02 12:44	kevin: Inicio de sesion exitoso.
2021-07-02 12:46	kevin: Inicio de sesion exitoso.
2021-07-02 12:48	kevin: Inicio de sesion exitoso.
2021-07-02 12:54	kevin: Inicio de sesion exitoso.
2021-07-02 13:12	kevin: Inicio de sesion exitoso.
2021-07-02 13:26	kevin: Inicio de sesion exitoso.
2021-07-02 13:27	kevin: Inicio de sesion exitoso.
2021-07-02 13:28	kevin: Inicio de sesion exitoso.
2021-07-02 13:29	kevin: Inicio de sesion exitoso.
2021-07-02 13:30	kevin: Inicio de sesion exitoso.
2021-07-02 13:31	kevin: Inicio de sesion exitoso.
2021-07-02 13:36	kevin: Inicio de sesion exitoso.
2021-07-02 13:42	kevin: Inicio de sesion exitoso.
2021-07-02 13:51	kevin: Inicio de sesion exitoso.
2021-07-02 13:52	kevin: Inicio de sesion exitoso.
2021-07-02 16:4	kevin: Inicio de sesion exitoso.
2021-07-02 16:35	kevin: Inicio de sesion exitoso.
2021-07-02 16:38	kevin: Inicio de sesion exitoso.
2021-07-02 16:39	kevin: Inicio de sesion exitoso.
2021-07-02 16:40	kevin: Inicio de sesion exitoso.
2021-07-02 16:41	kevin: Inicio de sesion exitoso.
2021-07-02 16:42	kevin: Inicio de sesion fallido.
2021-07-02 16:42	kevin: Inicio de sesion exitoso.
2021-07-02 16:47	kevin: Inicio de sesion exitoso.
2021-07-02 16:48	kevin: Inicio de sesion exitoso.
2021-07-02 16:49	kevin: Inicio de sesion exitoso.
2021-07-02 17:26	kevin: Inicio de sesion exitoso.
2021-07-02 17:27	kevin: Inicio de sesion exitoso.
2021-07-02 17:28	kevin: Inicio de sesion exitoso.
2021-07-02 17:33	kevin: Inicio de sesion exitoso.
2021-07-02 17:39	kevin: Inicio de sesion exitoso.
2021-07-02 17:43	kevin: Inicio de sesion exitoso.
2021-07-02 17:44	kevin: Inicio de sesion exitoso.
2021-07-02 17:45	kevin: Inicio de sesion exitoso.
2021-07-02 17:45	kevin: Inicio de sesion exitoso.
2021-07-02 17:48	kevin: Inicio de sesion exitoso.
2021-07-02 17:50	kevin: Inicio de sesion exitoso.
2021-07-02 17:52	kevin: Inicio de sesion exitoso.
2021-07-02 17:55	kevin: Inicio de sesion exitoso.
2021-07-02 17:56	kevin: Inicio de sesion exitoso.
2021-07-02 17:57	kevin: Inicio de sesion exitoso.
2021-07-02 19:33	bryanr3x: Inicio de sesion exitoso.
2021-07-02 19:35	bryanr3x: Inicio de sesion exitoso.
2021-07-02 20:9	bryanr3x: Inicio de sesion exitoso.
2021-07-02 20:20	bryanr3x: Inicio de sesion exitoso.
2021-07-02 20:24	bryanr3x: Inicio de sesion exitoso.
2021-07-02 21:55	bryanr3x: Inicio de sesion exitoso.
2021-07-02 21:59	bryanr3x: Inicio de sesion exitoso.
2021-07-02 22:41	bryanr3x: Inicio de sesion exitoso.
2021-07-02 23:4	bryanr3x: Inicio de sesion exitoso.
2021-07-02 23:6	bryanr3x: Inicio de sesion exitoso.
2021-07-02 23:8	bryanr3x: Inicio de sesion exitoso.
2021-07-02 23:9	bryanr3x: Inicio de sesion exitoso.
2021-07-02 23:9	bryanr3x: Inicio de sesion exitoso.
2021-07-02 23:12	bryanr3x: Inicio de sesion exitoso.
2021-07-02 23:17	bryanr3x: Inicio de sesion exitoso.
